
ROM used:   1128/8192 (14%)
            1128/8192 (14%) including unused fragments

            0.8 Average locations per line
            9.8 Average locations per statement

RAM used:   9/368 (2%) at main() level
            38/368 (10%) worst case

Stack used: 5 worst case (5 in main + 0 for interrupts)
Stack size: 8

Lines Stmts  %   Files
----- ----- ---  -----
   45    15  13  termocupla k.c
  671     0   0  C:\Program Files (x86)\PICC\Devices\16f877a.h
  456   100  87  C:\Program Files (x86)\PICC\Drivers\lcd.c
  163     0   0  C:\Program Files (x86)\PICC\Drivers\stdint.h
----- -----
 1335   115 Total

Page ROM  %  RAM   Vol Diff  Functions:
---- --- --- ---   --- ----  ----------
0     21   2    1             @delay_ms1
 Inline         3   760  4.5  lcd_read_byte
0     49   4    2   262  3.7  lcd_read_nibble
0     43   4    1   399  2.4  lcd_send_nibble
0     92   8    3   415  3.7  lcd_send_byte
0     70   6    6   852  6.2  lcd_init
0     18   2    4   208  6.3  lcd_gotoxy
0     44   4    1   354  4.7  lcd_putc
0    237  21   16   183  4.3  map
 Inline        13             @MUL3232
 Inline        13             @DIV3232
0    129  11    4   480  2.8  MAIN
0      1   0    0             @const692
0     86   8    4             @PSTRINGC7_645
0      6   1    0             @const694
0      8   1    0             @const695
0     89   8    5             @PSTRINGCN7_645
0    101   9    9             @PRINTF_LU_645
0    130  12    9             @PRINTF_LD_645
 Inline         0             @cinit1

Program metrics:
    Functions               9
    Statements              115
    Comments                278
    Volume (V)              6060
    Difficulty (D)          36.8
    Effort to implement (E) 223005
    Time to implement (T)   3 hours, 26 minutes
    Est Delivered Bugs (B)  1
    Cyclomatic Complexity   8
    Maintainability (MI)    132

 Segment     Used  Free
-----------  ----  ----
00000-00003     4  0  
00004-007FF  1124  920  
00800-00FFF     0  2048  
01000-017FF     0  2048  
01800-01FFF     0  2048  



